app/build/outputs/mapping/release/mapping.txt
co.epitre.aelf_lectures.AboutDialogFragment -> co.epitre.aelf_lectures.AboutDialogFragment:
    18:18:void <init>() -> <init>
    22:39:android.app.Dialog onCreateDialog(android.os.Bundle) -> onCreateDialog
co.epitre.aelf_lectures.AboutDialogFragment$1 -> co.epitre.aelf_lectures.AboutDialogFragment$1:
    co.epitre.aelf_lectures.AboutDialogFragment this$0 -> this$0
    33:33:void <init>(co.epitre.aelf_lectures.AboutDialogFragment) -> <init>
    36:36:void onClick(android.content.DialogInterface,int) -> onClick
co.epitre.aelf_lectures.BuildConfig -> co.epitre.aelf_lectures.BuildConfig:
    boolean DEBUG -> DEBUG
    java.lang.String APPLICATION_ID -> APPLICATION_ID
    java.lang.String BUILD_TYPE -> BUILD_TYPE
    java.lang.String FLAVOR -> FLAVOR
    int VERSION_CODE -> VERSION_CODE
    java.lang.String VERSION_NAME -> VERSION_NAME
    6:6:void <init>() -> <init>
co.epitre.aelf_lectures.DatePickerFragment -> co.epitre.aelf_lectures.DatePickerFragment:
    android.app.DatePickerDialog dialog -> dialog
    boolean canceled -> canceled
    co.epitre.aelf_lectures.DatePickerFragment$CalendarDialogListener mListener -> mListener
    18:22:void <init>() -> <init>
    36:43:void onAttach(android.app.Activity) -> onAttach
    47:69:android.app.Dialog onCreateDialog(android.os.Bundle) -> onCreateDialog
    74:98:void onClick(android.content.DialogInterface,int) -> onClick
    101:104:void onDateSet(android.widget.DatePicker,int,int,int) -> onDateSet
co.epitre.aelf_lectures.DatePickerFragment$CalendarDialogListener -> co.epitre.aelf_lectures.DatePickerFragment$CalendarDialogListener:
    void onCalendarDialogPicked(int,int,int) -> onCalendarDialogPicked
co.epitre.aelf_lectures.LectureFragment -> co.epitre.aelf_lectures.LectureFragment:
    java.lang.String TAG -> TAG
    java.lang.String ARG_TEXT_HTML -> ARG_TEXT_HTML
    android.webkit.WebView lectureView -> lectureView
    android.webkit.WebSettings websettings -> websettings
    android.content.SharedPreferences preferences -> preferences
    34:35:void <init>() -> <init>
    39:42:void onSharedPreferenceChanged(android.content.SharedPreferences,java.lang.String) -> onSharedPreferenceChanged
    46:70:void refresh() -> refresh
    77:203:android.view.View onCreateView(android.view.LayoutInflater,android.view.ViewGroup,android.os.Bundle) -> onCreateView
co.epitre.aelf_lectures.LecturePagerAdapter -> co.epitre.aelf_lectures.LecturePagerAdapter:
    java.util.List mlectures -> mlectures
    21:23:void <init>(android.support.v4.app.FragmentManager,java.util.List) -> <init>
    28:34:android.support.v4.app.Fragment getItem(int) -> getItem
    39:39:int getCount() -> getCount
    44:47:java.lang.CharSequence getPageTitle(int) -> getPageTitle
...
android.support.v4.view.ViewPager$1 -> android.support.v4.view.ViewPager$1:
    123:123:void <init>() -> <init>
    126:126:int compare(android.support.v4.view.ViewPager$ItemInfo,android.support.v4.view.ViewPager$ItemInfo) -> compare
    123:123:int compare(java.lang.Object,java.lang.Object) -> compare
android.support.v4.view.ViewPager$2 -> android.support.v4.view.ViewPager$2:
    130:130:void <init>() -> <init>
    132:133:float getInterpolation(float) -> getInterpolation
android.support.v4.view.ViewPager$3 -> android.support.v4.view.ViewPager$3:
    android.support.v4.view.ViewPager this$0 -> this$0
    251:251:void <init>(android.support.v4.view.ViewPager) -> <init>
    253:255:void run() -> run
android.support.v4.view.ViewPager$4 -> android.support.v4.view.ViewPager$4:
    android.graphics.Rect mTempRect -> mTempRect
    android.support.v4.view.ViewPager this$0 -> this$0
    391:392:void <init>(android.support.v4.view.ViewPager) -> <init>
    398:434:android.support.v4.view.WindowInsetsCompat onApplyWindowInsets(android.view.View,android.support.v4.view.WindowInsetsCompat) -> onApplyWindowInsets
android.support.v4.view.ViewPager$Decor -> android.support.v4.view.ViewPager$Decor:
android.support.v4.view.ViewPager$ItemInfo -> android.support.v4.view.ViewPager$ItemInfo:
    java.lang.Object object -> object
    int position -> position
    boolean scrolling -> scrolling
    float widthFactor -> widthFactor
    float offset -> offset
    115:115:void <init>() -> <init>
android.support.v4.view.ViewPager$LayoutParams -> android.support.v4.view.ViewPager$LayoutParams:
    boolean isDecor -> isDecor
    int gravity -> gravity
    float widthFactor -> widthFactor
    boolean needsMeasure -> needsMeasure
    int position -> position
    int childIndex -> childIndex
    3007:3027:void <init>() -> <init>
    3007:3035:void <init>(android.content.Context,android.util.AttributeSet) -> <init>
android.support.v4.view.ViewPager$MyAccessibilityDelegate -> android.support.v4.view.ViewPager$MyAccessibilityDelegate:
    android.support.v4.view.ViewPager this$0 -> this$0
    2919:2919:void <init>(android.support.v4.view.ViewPager) -> <init>
    2923:2933:void onInitializeAccessibilityEvent(android.view.View,android.view.accessibility.AccessibilityEvent) -> onInitializeAccessibilityEvent
    2937:2946:void onInitializeAccessibilityNodeInfo(android.view.View,android.support.v4.view.accessibility.AccessibilityNodeInfoCompat) -> onInitializeAccessibilityNodeInfo
    2950:2967:boolean performAccessibilityAction(android.view.View,int,android.os.Bundle) -> performAccessibilityAction
    2971:2971:boolean canScroll() -> canScroll
android.support.v4.view.ViewPager$OnAdapterChangeListener -> android.support.v4.view.ViewPager$OnAdapterChangeListener:
    void onAdapterChanged(android.support.v4.view.PagerAdapter,android.support.v4.view.PagerAdapter) -> onAdapterChanged
android.support.v4.view.ViewPager$OnPageChangeListener -> android.support.v4.view.ViewPager$OnPageChangeListener:
    void onPageScrolled(int,float,int) -> onPageScrolled
    void onPageSelected(int) -> onPageSelected
    void onPageScrollStateChanged(int) -> onPageScrollStateChanged
android.support.v4.view.ViewPager$PageTransformer -> android.support.v4.view.ViewPager$PageTransformer:
    void transformPage(android.view.View,float) -> transformPage
android.support.v4.view.ViewPager$PagerObserver -> android.support.v4.view.ViewPager$PagerObserver:
    android.support.v4.view.ViewPager this$0 -> this$0
    2975:2975:void <init>(android.support.v4.view.ViewPager) -> <init>
    2978:2979:void onChanged() -> onChanged
    2982:2983:void onInvalidated() -> onInvalidated
    2975:2975:void <init>(android.support.v4.view.ViewPager,android.support.v4.view.ViewPager$1) -> <init>